15:58:11.916 [main] INFO  testCases.TC_AccountRegistrationTest - *********StartingC_AccountRegistrationTest********
15:58:12.022 [main] INFO  testCases.TC_AccountRegistrationTest - Clicked on MyAccount Link
15:58:17.133 [main] INFO  testCases.TC_AccountRegistrationTest - Clicked on Registered link..... 
15:58:17.137 [main] INFO  testCases.TC_AccountRegistrationTest - providing the info
15:58:18.675 [main] INFO  testCases.TC_AccountRegistrationTest - Validating Expected Message.....
15:58:18.719 [main] INFO  testCases.TC_AccountRegistrationTest - *******Finished TC_AccountRegistrationTest********** 
16:00:07.255 [main] INFO  testCases.TC_AccountRegistrationTest - *********StartingC_AccountRegistrationTest********
16:00:07.360 [main] INFO  testCases.TC_AccountRegistrationTest - Clicked on MyAccount Link
16:00:07.954 [main] INFO  testCases.TC_AccountRegistrationTest - Clicked on Registered link..... 
16:00:07.959 [main] INFO  testCases.TC_AccountRegistrationTest - providing the info
16:00:09.678 [main] INFO  testCases.TC_AccountRegistrationTest - Validating Expected Message.....
16:00:09.725 [main] INFO  testCases.TC_AccountRegistrationTest - *******Finished TC_AccountRegistrationTest********** 
17:05:54.669 [main] INFO  testCases.TC_AccountRegistrationTest - *********StartingC_AccountRegistrationTest********
17:05:55.129 [main] INFO  testCases.TC_AccountRegistrationTest - Clicked on MyAccount Link
17:05:56.326 [main] INFO  testCases.TC_AccountRegistrationTest - Clicked on Registered link..... 
17:05:56.345 [main] INFO  testCases.TC_AccountRegistrationTest - providing the info
17:05:59.957 [main] INFO  testCases.TC_AccountRegistrationTest - Validating Expected Message.....
17:06:00.121 [main] INFO  testCases.TC_AccountRegistrationTest - *******Finished TC_AccountRegistrationTest********** 
19:10:07.247 [main] INFO  testCases.TC_AccountRegistrationTest - *********StartingC_AccountRegistrationTest********
19:10:08.037 [main] INFO  testCases.TC_AccountRegistrationTest - Clicked on MyAccount Link
19:10:09.345 [main] INFO  testCases.TC_AccountRegistrationTest - Clicked on Registered link..... 
19:10:09.369 [main] INFO  testCases.TC_AccountRegistrationTest - providing the info
19:10:12.904 [main] INFO  testCases.TC_AccountRegistrationTest - Validating Expected Message.....
19:10:13.068 [main] INFO  testCases.TC_AccountRegistrationTest - *******Finished TC_AccountRegistrationTest********** 
19:11:15.672 [main] INFO  testCases.TC_AccountRegistrationTest - *********StartingC_AccountRegistrationTest********
19:11:16.013 [main] INFO  testCases.TC_AccountRegistrationTest - Clicked on MyAccount Link
19:11:17.175 [main] INFO  testCases.TC_AccountRegistrationTest - Clicked on Registered link..... 
19:11:17.193 [main] INFO  testCases.TC_AccountRegistrationTest - providing the info
19:11:20.476 [main] INFO  testCases.TC_AccountRegistrationTest - Validating Expected Message.....
19:11:20.628 [main] INFO  testCases.TC_AccountRegistrationTest - *******Finished TC_AccountRegistrationTest********** 
19:20:10.202 [main] INFO  testCases.TC_AccountRegistrationTest - *********StartingC_AccountRegistrationTest********
19:20:10.316 [main] INFO  testCases.TC_AccountRegistrationTest - Clicked on MyAccount Link
19:20:11.132 [main] INFO  testCases.TC_AccountRegistrationTest - Clicked on Registered link..... 
19:20:11.136 [main] INFO  testCases.TC_AccountRegistrationTest - providing the info
19:20:13.231 [main] INFO  testCases.TC_AccountRegistrationTest - Validating Expected Message.....
19:20:13.285 [main] INFO  testCases.TC_AccountRegistrationTest - *******Finished TC_AccountRegistrationTest********** 
19:21:54.853 [main] INFO  testCases.TC_AccountRegistrationTest - *********StartingC_AccountRegistrationTest********
19:21:54.991 [main] INFO  testCases.TC_AccountRegistrationTest - Clicked on MyAccount Link
19:21:55.543 [main] INFO  testCases.TC_AccountRegistrationTest - Clicked on Registered link..... 
19:21:55.550 [main] INFO  testCases.TC_AccountRegistrationTest - providing the info
19:21:57.189 [main] INFO  testCases.TC_AccountRegistrationTest - Validating Expected Message.....
19:21:57.241 [main] INFO  testCases.TC_AccountRegistrationTest - *******Finished TC_AccountRegistrationTest********** 
19:45:10.058 [main] INFO  testCases.TC_AccountRegistrationTest - *********StartingC_AccountRegistrationTest********
19:45:10.196 [main] INFO  testCases.TC_AccountRegistrationTest - Clicked on MyAccount Link
19:45:14.666 [main] INFO  testCases.TC_AccountRegistrationTest - Clicked on Registered link..... 
19:45:14.671 [main] INFO  testCases.TC_AccountRegistrationTest - providing the info
19:45:16.480 [main] INFO  testCases.TC_AccountRegistrationTest - Validating Expected Message.....
19:45:16.520 [main] INFO  testCases.TC_AccountRegistrationTest - *******Finished TC_AccountRegistrationTest********** 
19:45:20.424 [main] INFO  testCases.TC_AccountRegistrationTest - *********StartingC_AccountRegistrationTest********
19:45:20.544 [main] INFO  testCases.TC_AccountRegistrationTest - Clicked on MyAccount Link
19:45:21.115 [main] INFO  testCases.TC_AccountRegistrationTest - Clicked on Registered link..... 
19:45:21.116 [main] INFO  testCases.TC_AccountRegistrationTest - providing the info
19:45:22.711 [main] INFO  testCases.TC_AccountRegistrationTest - Validating Expected Message.....
19:45:22.750 [main] INFO  testCases.TC_AccountRegistrationTest - *******Finished TC_AccountRegistrationTest********** 
19:46:22.999 [main] INFO  testCases.TC_AccountRegistrationTest - *********StartingC_AccountRegistrationTest********
19:46:23.165 [main] INFO  testCases.TC_AccountRegistrationTest - Clicked on MyAccount Link
19:46:24.121 [main] INFO  testCases.TC_AccountRegistrationTest - Clicked on Registered link..... 
19:46:24.129 [main] INFO  testCases.TC_AccountRegistrationTest - providing the info
19:46:25.710 [main] INFO  testCases.TC_AccountRegistrationTest - Validating Expected Message.....
19:46:25.760 [main] INFO  testCases.TC_AccountRegistrationTest - *******Finished TC_AccountRegistrationTest********** 
19:46:36.568 [main] INFO  testCases.TC_AccountRegistrationTest - *********StartingC_AccountRegistrationTest********
19:46:36.684 [main] INFO  testCases.TC_AccountRegistrationTest - Clicked on MyAccount Link
19:46:39.788 [main] INFO  testCases.TC_AccountRegistrationTest - Clicked on Registered link..... 
19:46:39.790 [main] INFO  testCases.TC_AccountRegistrationTest - providing the info
19:46:41.422 [main] INFO  testCases.TC_AccountRegistrationTest - Validating Expected Message.....
19:46:41.464 [main] INFO  testCases.TC_AccountRegistrationTest - *******Finished TC_AccountRegistrationTest********** 
19:46:47.857 [main] INFO  testCases.TC_AccountRegistrationTest - *********StartingC_AccountRegistrationTest********
19:46:48.119 [main] INFO  testCases.TC_AccountRegistrationTest - Clicked on MyAccount Link
19:46:52.333 [main] INFO  testCases.TC_AccountRegistrationTest - Clicked on Registered link..... 
19:46:52.334 [main] INFO  testCases.TC_AccountRegistrationTest - providing the info
19:46:53.861 [main] INFO  testCases.TC_AccountRegistrationTest - Validating Expected Message.....
19:46:53.883 [main] INFO  testCases.TC_AccountRegistrationTest - *******Finished TC_AccountRegistrationTest********** 
19:47:17.558 [main] INFO  testCases.TC_AccountRegistrationTest - *********StartingC_AccountRegistrationTest********
19:47:17.824 [main] INFO  testCases.TC_AccountRegistrationTest - Clicked on MyAccount Link
19:47:24.065 [main] INFO  testCases.TC_AccountRegistrationTest - Clicked on Registered link..... 
19:47:24.066 [main] INFO  testCases.TC_AccountRegistrationTest - providing the info
19:47:25.450 [main] INFO  testCases.TC_AccountRegistrationTest - Validating Expected Message.....
19:47:25.472 [main] INFO  testCases.TC_AccountRegistrationTest - *******Finished TC_AccountRegistrationTest********** 
19:49:38.996 [TestNG-tests-2] INFO  testCases.TC_AccountRegistrationTest - *********StartingC_AccountRegistrationTest********
19:49:39.215 [TestNG-tests-2] INFO  testCases.TC_AccountRegistrationTest - Clicked on MyAccount Link
19:49:39.300 [TestNG-tests-1] INFO  testCases.TC_AccountRegistrationTest - *********StartingC_AccountRegistrationTest********
19:49:39.471 [TestNG-tests-1] INFO  testCases.TC_AccountRegistrationTest - Clicked on MyAccount Link
19:49:39.900 [TestNG-tests-2] INFO  testCases.TC_AccountRegistrationTest - Clicked on Registered link..... 
19:49:39.906 [TestNG-tests-2] INFO  testCases.TC_AccountRegistrationTest - providing the info
19:49:40.168 [TestNG-tests-1] INFO  testCases.TC_AccountRegistrationTest - Clicked on Registered link..... 
19:49:40.179 [TestNG-tests-1] INFO  testCases.TC_AccountRegistrationTest - providing the info
19:49:42.581 [TestNG-tests-2] INFO  testCases.TC_AccountRegistrationTest - Validating Expected Message.....
19:49:42.641 [TestNG-tests-2] INFO  testCases.TC_AccountRegistrationTest - *******Finished TC_AccountRegistrationTest********** 
19:49:42.768 [TestNG-tests-1] INFO  testCases.TC_AccountRegistrationTest - Validating Expected Message.....
19:49:42.930 [TestNG-tests-1] INFO  testCases.TC_AccountRegistrationTest - *******Finished TC_AccountRegistrationTest********** 
19:50:02.736 [TestNG-tests-3] INFO  testCases.TC_AccountRegistrationTest - *********StartingC_AccountRegistrationTest********
19:50:03.015 [TestNG-tests-3] INFO  testCases.TC_AccountRegistrationTest - Clicked on MyAccount Link
19:50:08.396 [TestNG-tests-3] INFO  testCases.TC_AccountRegistrationTest - Clicked on Registered link..... 
19:50:08.397 [TestNG-tests-3] INFO  testCases.TC_AccountRegistrationTest - providing the info
19:50:10.058 [TestNG-tests-3] INFO  testCases.TC_AccountRegistrationTest - Validating Expected Message.....
19:50:10.091 [TestNG-tests-3] INFO  testCases.TC_AccountRegistrationTest - *******Finished TC_AccountRegistrationTest********** 
19:54:26.040 [TestNG-tests-2] INFO  testCases.TC_AccountRegistrationTest - *********StartingC_AccountRegistrationTest********
19:54:26.399 [TestNG-tests-2] INFO  testCases.TC_AccountRegistrationTest - Clicked on MyAccount Link
19:54:28.071 [TestNG-tests-2] INFO  testCases.TC_AccountRegistrationTest - Clicked on Registered link..... 
19:54:28.103 [TestNG-tests-2] INFO  testCases.TC_AccountRegistrationTest - providing the info
19:54:29.062 [TestNG-tests-1] INFO  testCases.TC_AccountRegistrationTest - *********StartingC_AccountRegistrationTest********
19:54:29.333 [TestNG-tests-1] INFO  testCases.TC_AccountRegistrationTest - Clicked on MyAccount Link
19:54:30.468 [TestNG-tests-2] INFO  testCases.TC_AccountRegistrationTest - Validating Expected Message.....
19:54:30.536 [TestNG-tests-2] INFO  testCases.TC_AccountRegistrationTest - *******Finished TC_AccountRegistrationTest********** 
19:54:34.886 [TestNG-tests-1] INFO  testCases.TC_AccountRegistrationTest - Clicked on Registered link..... 
19:54:34.887 [TestNG-tests-1] INFO  testCases.TC_AccountRegistrationTest - providing the info
19:54:37.362 [TestNG-tests-1] INFO  testCases.TC_AccountRegistrationTest - Validating Expected Message.....
19:54:37.435 [TestNG-tests-1] INFO  testCases.TC_AccountRegistrationTest - *******Finished TC_AccountRegistrationTest********** 
19:54:41.599 [TestNG-tests-3] INFO  testCases.TC_AccountRegistrationTest - *********StartingC_AccountRegistrationTest********
19:54:41.894 [TestNG-tests-3] INFO  testCases.TC_AccountRegistrationTest - Clicked on MyAccount Link
19:54:49.883 [TestNG-tests-3] INFO  testCases.TC_AccountRegistrationTest - Clicked on Registered link..... 
19:54:49.883 [TestNG-tests-3] INFO  testCases.TC_AccountRegistrationTest - providing the info
19:54:51.670 [TestNG-tests-3] INFO  testCases.TC_AccountRegistrationTest - Validating Expected Message.....
19:54:51.710 [TestNG-tests-3] INFO  testCases.TC_AccountRegistrationTest - *******Finished TC_AccountRegistrationTest********** 
12:34:54.930 [main] INFO  testCases.TC002_LoginTest - ********** Starting TC002_LoginTest ************
12:35:40.038 [main] INFO  testCases.TC002_LoginTest - ********** Starting TC002_LoginTest ************
13:11:43.903 [main] INFO  testCases.TC002_LoginTest - ********** Starting TC002_LoginTest ************
13:14:28.402 [main] INFO  testCases.TC002_LoginTest - ********** Starting TC002_LoginTest ************
13:22:32.478 [main] INFO  testCases.TC_AccountRegistrationTest - *********StartingC_AccountRegistrationTest********
13:22:32.585 [main] INFO  testCases.TC_AccountRegistrationTest - Clicked on MyAccount Link
13:22:32.983 [main] INFO  testCases.TC_AccountRegistrationTest - Clicked on Registered link..... 
13:22:32.990 [main] INFO  testCases.TC_AccountRegistrationTest - providing the info
13:22:34.597 [main] INFO  testCases.TC_AccountRegistrationTest - Validating Expected Message.....
13:22:34.645 [main] INFO  testCases.TC_AccountRegistrationTest - *******Finished TC_AccountRegistrationTest********** 
13:22:36.863 [main] INFO  testCases.TC002_LoginTest - ********** Starting TC002_LoginTest ************
